<?xml version="1.0" encoding="UTF-8"?>
<!-- Generated by org.testng.reporters.JUnitReportReporter -->
<testsuite skipped="0" hostname="DESKTOP-FJN63NP" name="com.testes.LoginTest" tests="6" failures="0" timestamp="2023-05-13T16:44:00 IST" time="18.678" errors="0">
  <testcase name="testA" time="4.284" classname="com.testes.LoginTest"/>
  <system-out/>
  <testcase name="testE" time="3.564" classname="com.testes.LoginTest"/>
  <system-out/>
  <testcase name="testD" time="3.404" classname="com.testes.LoginTest"/>
  <system-out/>
  <testcase name="testF" time="0.405" classname="com.testes.LoginTest"/>
  <system-out/>
  <testcase name="testB" time="3.595" classname="com.testes.LoginTest"/>
  <system-out/>
  <testcase name="testC" time="3.426" classname="com.testes.LoginTest"/>
  <system-out/>
</testsuite> <!-- com.testes.LoginTest -->
