<?xml version="1.0" encoding="UTF-8"?>
<!-- Generated by org.testng.reporters.JUnitReportReporter -->
<testsuite hostname="DESKTOP-FJN63NP" failures="0" tests="1" name="com.testes.DemoTest" time="0.021" errors="0" timestamp="2023-04-23T12:20:00 IST" skipped="0">
  <testcase classname="com.testes.DemoTest" name="test1" time="0.021"/>
  <system-out/>
</testsuite> <!-- com.testes.DemoTest -->
